<?xml version="1.0" encoding="UTF-8"?>
<!-- Generated by org.testng.reporters.JUnitXMLReporter -->
<testsuite hostname="MONO-HYD-LAP-78" name="Test" tests="1" failures="1" timestamp="16 May 2019 11:28:54 GMT" time="0.045" errors="0">
  <testcase name="@AfterTest afterTest" time="0.0" classname="com.scrapPlant.functions.execution">
    <failure type="java.lang.NullPointerException">
      <![CDATA[java.lang.NullPointerException
	at java.util.Properties$LineReader.readLine(Unknown Source)
	at java.util.Properties.load0(Unknown Source)
	at java.util.Properties.load(Unknown Source)
	at com.scrapPlant.utilities.ReusableFunctions.cpoyFolder(ReusableFunctions.java:371)
	at com.scrapPlant.functions.execution.afterTest(execution.java:33)
... Removed 22 stack frames]]>
    </failure>
  </testcase> <!-- @AfterTest afterTest -->
  <testcase name="Execution" time="0.004" classname="com.scrapPlant.functions.execution">
    <failure type="java.lang.NullPointerException">
      <![CDATA[java.lang.NullPointerException
	at java.util.Properties$LineReader.readLine(Unknown Source)
	at java.util.Properties.load0(Unknown Source)
	at java.util.Properties.load(Unknown Source)
	at com.scrapPlant.utilities.ReusableFunctions.cpoyFolder(ReusableFunctions.java:371)
	at com.scrapPlant.functions.execution.Execution(execution.java:18)
... Removed 24 stack frames]]>
    </failure>
  </testcase> <!-- Execution -->
</testsuite> <!-- Test -->
